This is pdfTeX, Version 3.141592653-2.6-1.40.27 (TeX Live 2025) (preloaded format=pdflatex 2025.4.30)  23 FEB 2026 06:38
entering extended mode
 restricted \write18 enabled.
 %&-line parsing enabled.
**Lshape.tex
(./Lshape.tex
LaTeX2e <2024-11-01> patch level 2
L3 programming layer <2025-01-18>
(/usr/local/texlive/2025/texmf-dist/tex/latex/base/article.cls
Document Class: article 2024/06/29 v1.4n Standard LaTeX document class
(/usr/local/texlive/2025/texmf-dist/tex/latex/base/size10.clo
File: size10.clo 2024/06/29 v1.4n Standard LaTeX file (size option)
)
\c@part=\count196
\c@section=\count197
\c@subsection=\count198
\c@subsubsection=\count199
\c@paragraph=\count266
\c@subparagraph=\count267
\c@figure=\count268
\c@table=\count269
\abovecaptionskip=\skip49
\belowcaptionskip=\skip50
\bibindent=\dimen141
)
(/usr/local/texlive/2025/texmf-dist/tex/latex/psnfss/times.sty
Package: times 2020/03/25 PSNFSS-v9.3 (SPQR) 
)
(/usr/local/texlive/2025/texmf-dist/tex/latex/amsmath/amsmath.sty
Package: amsmath 2024/11/05 v2.17t AMS math features
\@mathmargin=\skip51

For additional information on amsmath, use the `?' option.
(/usr/local/texlive/2025/texmf-dist/tex/latex/amsmath/amstext.sty
Package: amstext 2021/08/26 v2.01 AMS text

(/usr/local/texlive/2025/texmf-dist/tex/latex/amsmath/amsgen.sty
File: amsgen.sty 1999/11/30 v2.0 generic functions
\@emptytoks=\toks17
\ex@=\dimen142
))
(/usr/local/texlive/2025/texmf-dist/tex/latex/amsmath/amsbsy.sty
Package: amsbsy 1999/11/29 v1.2d Bold Symbols
\pmbraise@=\dimen143
)
(/usr/local/texlive/2025/texmf-dist/tex/latex/amsmath/amsopn.sty
Package: amsopn 2022/04/08 v2.04 operator names
)
\inf@bad=\count270
LaTeX Info: Redefining \frac on input line 233.
\uproot@=\count271
\leftroot@=\count272
LaTeX Info: Redefining \overline on input line 398.
LaTeX Info: Redefining \colon on input line 409.
\classnum@=\count273
\DOTSCASE@=\count274
LaTeX Info: Redefining \ldots on input line 495.
LaTeX Info: Redefining \dots on input line 498.
LaTeX Info: Redefining \cdots on input line 619.
\Mathstrutbox@=\box52
\strutbox@=\box53
LaTeX Info: Redefining \big on input line 721.
LaTeX Info: Redefining \Big on input line 722.
LaTeX Info: Redefining \bigg on input line 723.
LaTeX Info: Redefining \Bigg on input line 724.
\big@size=\dimen144
LaTeX Font Info:    Redeclaring font encoding OML on input line 742.
LaTeX Font Info:    Redeclaring font encoding OMS on input line 743.
\macc@depth=\count275
LaTeX Info: Redefining \bmod on input line 904.
LaTeX Info: Redefining \pmod on input line 909.
LaTeX Info: Redefining \smash on input line 939.
LaTeX Info: Redefining \relbar on input line 969.
LaTeX Info: Redefining \Relbar on input line 970.
\c@MaxMatrixCols=\count276
\dotsspace@=\muskip17
\c@parentequation=\count277
\dspbrk@lvl=\count278
\tag@help=\toks18
\row@=\count279
\column@=\count280
\maxfields@=\count281
\andhelp@=\toks19
\eqnshift@=\dimen145
\alignsep@=\dimen146
\tagshift@=\dimen147
\tagwidth@=\dimen148
\totwidth@=\dimen149
\lineht@=\dimen150
\@envbody=\toks20
\multlinegap=\skip52
\multlinetaggap=\skip53
\mathdisplay@stack=\toks21
LaTeX Info: Redefining \[ on input line 2953.
LaTeX Info: Redefining \] on input line 2954.
)
(/usr/local/texlive/2025/texmf-dist/tex/latex/amsfonts/amssymb.sty
Package: amssymb 2013/01/14 v3.01 AMS font symbols

(/usr/local/texlive/2025/texmf-dist/tex/latex/amsfonts/amsfonts.sty
Package: amsfonts 2013/01/14 v3.01 Basic AMSFonts support
\symAMSa=\mathgroup4
\symAMSb=\mathgroup5
LaTeX Font Info:    Redeclaring math symbol \hbar on input line 98.
LaTeX Font Info:    Overwriting math alphabet `\mathfrak' in version `bold'
(Font)                  U/euf/m/n --> U/euf/b/n on input line 106.
))
(/usr/local/texlive/2025/texmf-dist/tex/latex/graphics/graphicx.sty
Package: graphicx 2021/09/16 v1.2d Enhanced LaTeX Graphics (DPC,SPQR)

(/usr/local/texlive/2025/texmf-dist/tex/latex/graphics/keyval.sty
Package: keyval 2022/05/29 v1.15 key=value parser (DPC)
\KV@toks@=\toks22
)
(/usr/local/texlive/2025/texmf-dist/tex/latex/graphics/graphics.sty
Package: graphics 2024/08/06 v1.4g Standard LaTeX Graphics (DPC,SPQR)

(/usr/local/texlive/2025/texmf-dist/tex/latex/graphics/trig.sty
Package: trig 2023/12/02 v1.11 sin cos tan (DPC)
)
(/usr/local/texlive/2025/texmf-dist/tex/latex/graphics-cfg/graphics.cfg
File: graphics.cfg 2016/06/04 v1.11 sample graphics configuration
)
Package graphics Info: Driver file: pdftex.def on input line 106.

(/usr/local/texlive/2025/texmf-dist/tex/latex/graphics-def/pdftex.def
File: pdftex.def 2024/04/13 v1.2c Graphics/color driver for pdftex
))
\Gin@req@height=\dimen151
\Gin@req@width=\dimen152
)
(/usr/local/texlive/2025/texmf-dist/tex/latex/eepic/epic.sty
Enhancements to Picture Environment. Version 1.2 - Released June 1, 1986
\@@multicnt=\count282
\d@lta=\count283
\@delta=\dimen153
\@@delta=\dimen154
\@gridcnt=\count284
\@joinkind=\count285
\@dotgap=\dimen155
\@ddotgap=\dimen156
\@x@diff=\count286
\@y@diff=\count287
\x@diff=\dimen157
\y@diff=\dimen158
\@dotbox=\box54
\num@segments=\count288
\num@segmentsi=\count289
\@datafile=\read2
) (/usr/local/texlive/2025/texmf-dist/tex/latex/pstricks/pstricks.sty
Package: pstricks 2024/02/02 v0.75 LaTeX wrapper for `PSTricks' (RN,HV)

(/usr/local/texlive/2025/texmf-dist/tex/generic/iftex/iftex.sty
Package: iftex 2024/12/12 v1.0g TeX engine tests
)
(/usr/local/texlive/2025/texmf-dist/tex/latex/xcolor/xcolor.sty
Package: xcolor 2024/09/29 v3.02 LaTeX color extensions (UK)

(/usr/local/texlive/2025/texmf-dist/tex/latex/graphics-cfg/color.cfg
File: color.cfg 2016/01/02 v1.6 sample color configuration
)
Package xcolor Info: Driver file: pdftex.def on input line 274.

(/usr/local/texlive/2025/texmf-dist/tex/latex/graphics/mathcolor.ltx)
Package xcolor Info: Model `cmy' substituted by `cmy0' on input line 1349.
Package xcolor Info: Model `hsb' substituted by `rgb' on input line 1353.
Package xcolor Info: Model `RGB' extended on input line 1365.
Package xcolor Info: Model `HTML' substituted by `rgb' on input line 1367.
Package xcolor Info: Model `Hsb' substituted by `hsb' on input line 1368.
Package xcolor Info: Model `tHsb' substituted by `hsb' on input line 1369.
Package xcolor Info: Model `HSB' substituted by `hsb' on input line 1370.
Package xcolor Info: Model `Gray' substituted by `gray' on input line 1371.
Package xcolor Info: Model `wave' substituted by `hsb' on input line 1372.
)
(/usr/local/texlive/2025/texmf-dist/tex/generic/xkeyval/pst-xkey.tex
File: pst-xkey.tex 2005/11/25 v1.6 PSTricks specialization of xkeyval (HA)

(/usr/local/texlive/2025/texmf-dist/tex/latex/xkeyval/xkeyval.sty
Package: xkeyval 2022/06/16 v2.9 package option processing (HA)

(/usr/local/texlive/2025/texmf-dist/tex/generic/xkeyval/xkeyval.tex
(/usr/local/texlive/2025/texmf-dist/tex/generic/xkeyval/xkvutils.tex
\XKV@toks=\toks23
\XKV@tempa@toks=\toks24
)
\XKV@depth=\count290
File: xkeyval.tex 2014/12/03 v2.7a key=value parser (HA)
)))
(/usr/local/texlive/2025/texmf-dist/tex/generic/pstricks/pstricks.tex
(/usr/local/texlive/2025/texmf-dist/tex/generic/pstricks/pst-fp.tex
`pst-fp' v0.06, 2020/11/20 (hv)
\pstFP@xs=\count291
\pstFP@xia=\count292
\pstFP@xib=\count293
\pstFP@xfa=\count294
\pstFP@xfb=\count295
\pstFP@rega=\count296
\pstFP@regb=\count297
\pstFP@regs=\count298
\pstFP@times=\count299
)
(/usr/local/texlive/2025/texmf-dist/tex/latex/pgf/utilities/pgffor.sty
(/usr/local/texlive/2025/texmf-dist/tex/latex/pgf/utilities/pgfrcs.sty
(/usr/local/texlive/2025/texmf-dist/tex/generic/pgf/utilities/pgfutil-common.te
x
\pgfutil@everybye=\toks25
\pgfutil@tempdima=\dimen159
\pgfutil@tempdimb=\dimen160
)
(/usr/local/texlive/2025/texmf-dist/tex/generic/pgf/utilities/pgfutil-latex.def
\pgfutil@abb=\box55
) (/usr/local/texlive/2025/texmf-dist/tex/generic/pgf/utilities/pgfrcs.code.tex
(/usr/local/texlive/2025/texmf-dist/tex/generic/pgf/pgf.revision.tex)
Package: pgfrcs 2023-01-15 v3.1.10 (3.1.10)
))
(/usr/local/texlive/2025/texmf-dist/tex/latex/pgf/utilities/pgfkeys.sty
(/usr/local/texlive/2025/texmf-dist/tex/generic/pgf/utilities/pgfkeys.code.tex
\pgfkeys@pathtoks=\toks26
\pgfkeys@temptoks=\toks27

(/usr/local/texlive/2025/texmf-dist/tex/generic/pgf/utilities/pgfkeyslibraryfil
tered.code.tex
\pgfkeys@tmptoks=\toks28
)))
(/usr/local/texlive/2025/texmf-dist/tex/latex/pgf/math/pgfmath.sty
(/usr/local/texlive/2025/texmf-dist/tex/generic/pgf/math/pgfmath.code.tex
(/usr/local/texlive/2025/texmf-dist/tex/generic/pgf/math/pgfmathutil.code.tex
\pgf@x=\dimen161
\pgf@xa=\dimen162
\pgf@xb=\dimen163
\pgf@xc=\dimen164
\pgf@y=\dimen165
\pgf@ya=\dimen166
\pgf@yb=\dimen167
\pgf@yc=\dimen168
\c@pgf@counta=\count300
\c@pgf@countb=\count301
\c@pgf@countc=\count302
\c@pgf@countd=\count303
)
(/usr/local/texlive/2025/texmf-dist/tex/generic/pgf/math/pgfmathparser.code.tex
\pgfmath@dimen=\dimen169
\pgfmath@count=\count304
\pgfmath@box=\box56
\pgfmath@toks=\toks29
\pgfmath@stack@operand=\toks30
\pgfmath@stack@operation=\toks31
)
(/usr/local/texlive/2025/texmf-dist/tex/generic/pgf/math/pgfmathfunctions.code.
tex)
(/usr/local/texlive/2025/texmf-dist/tex/generic/pgf/math/pgfmathfunctions.basic
.code.tex)
(/usr/local/texlive/2025/texmf-dist/tex/generic/pgf/math/pgfmathfunctions.trigo
nometric.code.tex)
(/usr/local/texlive/2025/texmf-dist/tex/generic/pgf/math/pgfmathfunctions.rando
m.code.tex)
(/usr/local/texlive/2025/texmf-dist/tex/generic/pgf/math/pgfmathfunctions.compa
rison.code.tex)
(/usr/local/texlive/2025/texmf-dist/tex/generic/pgf/math/pgfmathfunctions.base.
code.tex)
(/usr/local/texlive/2025/texmf-dist/tex/generic/pgf/math/pgfmathfunctions.round
.code.tex)
(/usr/local/texlive/2025/texmf-dist/tex/generic/pgf/math/pgfmathfunctions.misc.
code.tex)
(/usr/local/texlive/2025/texmf-dist/tex/generic/pgf/math/pgfmathfunctions.integ
erarithmetics.code.tex)
(/usr/local/texlive/2025/texmf-dist/tex/generic/pgf/math/pgfmathcalc.code.tex)
(/usr/local/texlive/2025/texmf-dist/tex/generic/pgf/math/pgfmathfloat.code.tex
\c@pgfmathroundto@lastzeros=\count305
)))
(/usr/local/texlive/2025/texmf-dist/tex/generic/pgf/utilities/pgffor.code.tex
Package: pgffor 2023-01-15 v3.1.10 (3.1.10)
\pgffor@iter=\dimen170
\pgffor@skip=\dimen171
\pgffor@stack=\toks32
\pgffor@toks=\toks33
))
\psLoopIndex=\count306
`PSTricks' v3.21  <2024/11/16> (tvz,hv)
\pst@dima=\dimen172
\pst@dimb=\dimen173
\pst@dimc=\dimen174
\pst@dimd=\dimen175
\pst@dimg=\dimen176
\pst@dimh=\dimen177
\pst@dimm=\dimen178
\pst@dimn=\dimen179
\pst@dimo=\dimen180
\pst@dimp=\dimen181
\pst@hbox=\box57
\pst@ibox=\box58
\pst@boxg=\box59
\pst@cnta=\count307
\pst@cntb=\count308
\pst@cntc=\count309
\pst@cntd=\count310
\pst@cntg=\count311
\pst@cnth=\count312
\pst@cntm=\count313
\pst@cntn=\count314
\pst@cnto=\count315
\pst@cntp=\count316
\@zero=\count317
\pst@toks=\toks34
--- We are running latex or xelatex ---
(/usr/local/texlive/2025/texmf-dist/tex/generic/pstricks/pstricks.con)
(/usr/local/texlive/2025/texmf-dist/tex/generic/pstricks/pstricks-color.tex)
\psunit=\dimen182
\psxunit=\dimen183
\psyunit=\dimen184
\pst@C@@rType=\count318
\pslinewidth=\dimen185
\psk@startLW=\dimen186
\psk@endLW=\dimen187

(/usr/local/texlive/2025/texmf-dist/tex/generic/pstricks/pstricks-arrows.tex
\pshooklength=\dimen188
\pshookwidth=\dimen189
)
\pst@customdefs=\toks35

(/usr/local/texlive/2025/texmf-dist/tex/generic/pstricks/pstricks-dots.tex)
\pslinearc=\dimen190
\pst@symbolStep=\dimen191
\pst@symbolWidth=\dimen192
\pst@symbolLinewidth=\dimen193
\everypsbox=\toks36
\psframesep=\dimen194
\pslabelsep=\dimen195
\sh@wgridXunit=\dimen196
\sh@wgridYunit=\dimen197
\pst@shift=\dimen198
\ps@imagectr=\count319

(/usr/local/texlive/2025/texmf-dist/tex/generic/pstricks/pstricks.con))
File: pstricks.tex 2024/11/16 v3.21 `PSTricks' (tvz,hv)

(/usr/local/texlive/2025/texmf-dist/tex/generic/pstricks/pst-fp.tex
`pst-fp' v0.06, 2020/11/20 (hv))
File: pst-fp.tex 2020/11/20 v0.06 `PST-fp' (hv)
)
LaTeX Font Info:    Trying to load font information for OT1+ptm on input line 4
.

(/usr/local/texlive/2025/texmf-dist/tex/latex/psnfss/ot1ptm.fd
File: ot1ptm.fd 2001/06/04 font definitions for OT1/ptm.
)
(/usr/local/texlive/2025/texmf-dist/tex/latex/l3backend/l3backend-pdftex.def
File: l3backend-pdftex.def 2024-05-08 L3 backend support: PDF output (pdfTeX)
\l__color_backend_stack_int=\count320
\l__pdf_internal_box=\box60
)
No file Lshape.aux.
\openout1 = `Lshape.aux'.

LaTeX Font Info:    Checking defaults for OML/cmm/m/it on input line 4.
LaTeX Font Info:    ... okay on input line 4.
LaTeX Font Info:    Checking defaults for OMS/cmsy/m/n on input line 4.
LaTeX Font Info:    ... okay on input line 4.
LaTeX Font Info:    Checking defaults for OT1/cmr/m/n on input line 4.
LaTeX Font Info:    ... okay on input line 4.
LaTeX Font Info:    Checking defaults for T1/cmr/m/n on input line 4.
LaTeX Font Info:    ... okay on input line 4.
LaTeX Font Info:    Checking defaults for TS1/cmr/m/n on input line 4.
LaTeX Font Info:    ... okay on input line 4.
LaTeX Font Info:    Checking defaults for OMX/cmex/m/n on input line 4.
LaTeX Font Info:    ... okay on input line 4.
LaTeX Font Info:    Checking defaults for U/cmr/m/n on input line 4.
LaTeX Font Info:    ... okay on input line 4.
(/usr/local/texlive/2025/texmf-dist/tex/context/base/mkii/supp-pdf.mkii
[Loading MPS to PDF converter (version 2006.09.02).]
\scratchcounter=\count321
\scratchdimen=\dimen199
\scratchbox=\box61
\nofMPsegments=\count322
\nofMParguments=\count323
\everyMPshowfont=\toks37
\MPscratchCnt=\count324
\MPscratchDim=\dimen256
\MPnumerator=\count325
\makeMPintoPDFobject=\count326
\everyMPtoPDFconversion=\toks38
) (/usr/local/texlive/2025/texmf-dist/tex/latex/epstopdf-pkg/epstopdf-base.sty
Package: epstopdf-base 2020-01-24 v2.11 Base part for package epstopdf
Package epstopdf-base Info: Redefining graphics rule for `.eps' on input line 4
85.

(/usr/local/texlive/2025/texmf-dist/tex/latex/latexconfig/epstopdf-sys.cfg
File: epstopdf-sys.cfg 2010/07/13 v1.3 Configuration of (r)epstopdf for TeX Liv
e
))
! Undefined control sequence.
\c@lor@to@ps ->\PSTricks 
                         _Not_Configured_For_This_Format
l.10 \pspolygon(
                -2.812,-0.708)(-2.798,-0.761)(-2.758,-0.714)
The control sequence at the end of the top line
of your error message was never \def'ed. If you have
misspelled it (e.g., `\hobx'), type `I' and the correct
spelling (e.g., `I\hbox'). Otherwise just continue,
and I'll forget about whatever was undefined.

! Undefined control sequence.
\XC@usec@lor ...lashchar color@#1#2\endcsname \@@ 
                                                  \fi \space 
l.10 \pspolygon(
                -2.812,-0.708)(-2.798,-0.761)(-2.758,-0.714)
The control sequence at the end of the top line
of your error message was never \def'ed. If you have
misspelled it (e.g., `\hobx'), type `I' and the correct
spelling (e.g., `I\hbox'). Otherwise just continue,
and I'll forget about whatever was undefined.

! Undefined control sequence.
\c@lor@to@ps ->\PSTricks 
                         _Not_Configured_For_This_Format
l.11 \pspolygon
               (-2.758,-0.714)(-2.770,-0.663)(-2.812,-0.708)
The control sequence at the end of the top line
of your error message was never \def'ed. If you have
misspelled it (e.g., `\hobx'), type `I' and the correct
spelling (e.g., `I\hbox'). Otherwise just continue,
and I'll forget about whatever was undefined.

! Undefined control sequence.
\XC@usec@lor ...lashchar color@#1#2\endcsname \@@ 
                                                  \fi \space 
l.11 \pspolygon
               (-2.758,-0.714)(-2.770,-0.663)(-2.812,-0.708)
The control sequence at the end of the top line
of your error message was never \def'ed. If you have
misspelled it (e.g., `\hobx'), type `I' and the correct
spelling (e.g., `I\hbox'). Otherwise just continue,
and I'll forget about whatever was undefined.

! Undefined control sequence.
\c@lor@to@ps ->\PSTricks 
                         _Not_Configured_For_This_Format
l.11 \pspolygon(
                -2.758,-0.714)(-2.770,-0.663)(-2.812,-0.708)
The control sequence at the end of the top line
of your error message was never \def'ed. If you have
misspelled it (e.g., `\hobx'), type `I' and the correct
spelling (e.g., `I\hbox'). Otherwise just continue,
and I'll forget about whatever was undefined.

! Undefined control sequence.
\XC@usec@lor ...lashchar color@#1#2\endcsname \@@ 
                                                  \fi \space 
l.11 \pspolygon(
                -2.758,-0.714)(-2.770,-0.663)(-2.812,-0.708)
The control sequence at the end of the top line
of your error message was never \def'ed. If you have
misspelled it (e.g., `\hobx'), type `I' and the correct
spelling (e.g., `I\hbox'). Otherwise just continue,
and I'll forget about whatever was undefined.

! Undefined control sequence.
\c@lor@to@ps ->\PSTricks 
                         _Not_Configured_For_This_Format
l.12 \pspolygon
               (0.413,1.719)(0.273,1.735)(0.280,1.650)
The control sequence at the end of the top line
of your error message was never \def'ed. If you have
misspelled it (e.g., `\hobx'), type `I' and the correct
spelling (e.g., `I\hbox'). Otherwise just continue,
and I'll forget about whatever was undefined.

! Undefined control sequence.
\XC@usec@lor ...lashchar color@#1#2\endcsname \@@ 
                                                  \fi \space 
l.12 \pspolygon
               (0.413,1.719)(0.273,1.735)(0.280,1.650)
The control sequence at the end of the top line
of your error message was never \def'ed. If you have
misspelled it (e.g., `\hobx'), type `I' and the correct
spelling (e.g., `I\hbox'). Otherwise just continue,
and I'll forget about whatever was undefined.

! Undefined control sequence.
\c@lor@to@ps ->\PSTricks 
                         _Not_Configured_For_This_Format
l.12 \pspolygon(
                0.413,1.719)(0.273,1.735)(0.280,1.650)
The control sequence at the end of the top line
of your error message was never \def'ed. If you have
misspelled it (e.g., `\hobx'), type `I' and the correct
spelling (e.g., `I\hbox'). Otherwise just continue,
and I'll forget about whatever was undefined.

! Undefined control sequence.
\XC@usec@lor ...lashchar color@#1#2\endcsname \@@ 
                                                  \fi \space 
l.12 \pspolygon(
                0.413,1.719)(0.273,1.735)(0.280,1.650)
The control sequence at the end of the top line
of your error message was never \def'ed. If you have
misspelled it (e.g., `\hobx'), type `I' and the correct
spelling (e.g., `I\hbox'). Otherwise just continue,
and I'll forget about whatever was undefined.

! Undefined control sequence.
\c@lor@to@ps ->\PSTricks 
                         _Not_Configured_For_This_Format
l.13 \pspolygon
               (5.022,0.141)(4.982,0.108)(5.018,0.092)
The control sequence at the end of the top line
of your error message was never \def'ed. If you have
misspelled it (e.g., `\hobx'), type `I' and the correct
spelling (e.g., `I\hbox'). Otherwise just continue,
and I'll forget about whatever was undefined.

! Undefined control sequence.
\XC@usec@lor ...lashchar color@#1#2\endcsname \@@ 
                                                  \fi \space 
l.13 \pspolygon
               (5.022,0.141)(4.982,0.108)(5.018,0.092)
The control sequence at the end of the top line
of your error message was never \def'ed. If you have
misspelled it (e.g., `\hobx'), type `I' and the correct
spelling (e.g., `I\hbox'). Otherwise just continue,
and I'll forget about whatever was undefined.

! Undefined control sequence.
\c@lor@to@ps ->\PSTricks 
                         _Not_Configured_For_This_Format
l.13 \pspolygon(
                5.022,0.141)(4.982,0.108)(5.018,0.092)
The control sequence at the end of the top line
of your error message was never \def'ed. If you have
misspelled it (e.g., `\hobx'), type `I' and the correct
spelling (e.g., `I\hbox'). Otherwise just continue,
and I'll forget about whatever was undefined.

! Undefined control sequence.
\XC@usec@lor ...lashchar color@#1#2\endcsname \@@ 
                                                  \fi \space 
l.13 \pspolygon(
                5.022,0.141)(4.982,0.108)(5.018,0.092)
The control sequence at the end of the top line
of your error message was never \def'ed. If you have
misspelled it (e.g., `\hobx'), type `I' and the correct
spelling (e.g., `I\hbox'). Otherwise just continue,
and I'll forget about whatever was undefined.

! Undefined control sequence.
\c@lor@to@ps ->\PSTricks 
                         _Not_Configured_For_This_Format
l.14 \pspolygon
               (0.003,0.953)(0.003,1.150)(-0.162,1.037)
The control sequence at the end of the top line
of your error message was never \def'ed. If you have
misspelled it (e.g., `\hobx'), type `I' and the correct
spelling (e.g., `I\hbox'). Otherwise just continue,
and I'll forget about whatever was undefined.

! Undefined control sequence.
\XC@usec@lor ...lashchar color@#1#2\endcsname \@@ 
                                                  \fi \space 
l.14 \pspolygon
               (0.003,0.953)(0.003,1.150)(-0.162,1.037)
The control sequence at the end of the top line
of your error message was never \def'ed. If you have
misspelled it (e.g., `\hobx'), type `I' and the correct
spelling (e.g., `I\hbox'). Otherwise just continue,
and I'll forget about whatever was undefined.

! Undefined control sequence.
\c@lor@to@ps ->\PSTricks 
                         _Not_Configured_For_This_Format
l.14 \pspolygon(
                0.003,0.953)(0.003,1.150)(-0.162,1.037)
The control sequence at the end of the top line
of your error message was never \def'ed. If you have
misspelled it (e.g., `\hobx'), type `I' and the correct
spelling (e.g., `I\hbox'). Otherwise just continue,
and I'll forget about whatever was undefined.

! Undefined control sequence.
\XC@usec@lor ...lashchar color@#1#2\endcsname \@@ 
                                                  \fi \space 
l.14 \pspolygon(
                0.003,0.953)(0.003,1.150)(-0.162,1.037)
The control sequence at the end of the top line
of your error message was never \def'ed. If you have
misspelled it (e.g., `\hobx'), type `I' and the correct
spelling (e.g., `I\hbox'). Otherwise just continue,
and I'll forget about whatever was undefined.

! Undefined control sequence.
\c@lor@to@ps ->\PSTricks 
                         _Not_Configured_For_This_Format
l.15 \pspolygon
               (0.062,1.056)(0.003,1.150)(0.003,0.953)
The control sequence at the end of the top line
of your error message was never \def'ed. If you have
misspelled it (e.g., `\hobx'), type `I' and the correct
spelling (e.g., `I\hbox'). Otherwise just continue,
and I'll forget about whatever was undefined.

! Undefined control sequence.
\XC@usec@lor ...lashchar color@#1#2\endcsname \@@ 
                                                  \fi \space 
l.15 \pspolygon
               (0.062,1.056)(0.003,1.150)(0.003,0.953)
The control sequence at the end of the top line
of your error message was never \def'ed. If you have
misspelled it (e.g., `\hobx'), type `I' and the correct
spelling (e.g., `I\hbox'). Otherwise just continue,
and I'll forget about whatever was undefined.

! Undefined control sequence.
\c@lor@to@ps ->\PSTricks 
                         _Not_Configured_For_This_Format
l.15 \pspolygon(
                0.062,1.056)(0.003,1.150)(0.003,0.953)
The control sequence at the end of the top line
of your error message was never \def'ed. If you have
misspelled it (e.g., `\hobx'), type `I' and the correct
spelling (e.g., `I\hbox'). Otherwise just continue,
and I'll forget about whatever was undefined.

! Undefined control sequence.
\XC@usec@lor ...lashchar color@#1#2\endcsname \@@ 
                                                  \fi \space 
l.15 \pspolygon(
                0.062,1.056)(0.003,1.150)(0.003,0.953)
The control sequence at the end of the top line
of your error message was never \def'ed. If you have
misspelled it (e.g., `\hobx'), type `I' and the correct
spelling (e.g., `I\hbox'). Otherwise just continue,
and I'll forget about whatever was undefined.

! Undefined control sequence.
\c@lor@to@ps ->\PSTricks 
                         _Not_Configured_For_This_Format
l.16 \pspolygon
               (-0.902,0.707)(-0.603,0.492)(-0.588,0.801)
The control sequence at the end of the top line
of your error message was never \def'ed. If you have
misspelled it (e.g., `\hobx'), type `I' and the correct
spelling (e.g., `I\hbox'). Otherwise just continue,
and I'll forget about whatever was undefined.

! Undefined control sequence.
\XC@usec@lor ...lashchar color@#1#2\endcsname \@@ 
                                                  \fi \space 
l.16 \pspolygon
               (-0.902,0.707)(-0.603,0.492)(-0.588,0.801)
The control sequence at the end of the top line
of your error message was never \def'ed. If you have
misspelled it (e.g., `\hobx'), type `I' and the correct
spelling (e.g., `I\hbox'). Otherwise just continue,
and I'll forget about whatever was undefined.

! Undefined control sequence.
\c@lor@to@ps ->\PSTricks 
                         _Not_Configured_For_This_Format
l.16 \pspolygon(
                -0.902,0.707)(-0.603,0.492)(-0.588,0.801)
The control sequence at the end of the top line
of your error message was never \def'ed. If you have
misspelled it (e.g., `\hobx'), type `I' and the correct
spelling (e.g., `I\hbox'). Otherwise just continue,
and I'll forget about whatever was undefined.

! Undefined control sequence.
\XC@usec@lor ...lashchar color@#1#2\endcsname \@@ 
                                                  \fi \space 
l.16 \pspolygon(
                -0.902,0.707)(-0.603,0.492)(-0.588,0.801)
The control sequence at the end of the top line
of your error message was never \def'ed. If you have
misspelled it (e.g., `\hobx'), type `I' and the correct
spelling (e.g., `I\hbox'). Otherwise just continue,
and I'll forget about whatever was undefined.

! Undefined control sequence.
\c@lor@to@ps ->\PSTricks 
                         _Not_Configured_For_This_Format
l.17 \pspolygon
               (-0.354,0.687)(-0.326,0.923)(-0.450,0.865)
The control sequence at the end of the top line
of your error message was never \def'ed. If you have
misspelled it (e.g., `\hobx'), type `I' and the correct
spelling (e.g., `I\hbox'). Otherwise just continue,
and I'll forget about whatever was undefined.

! Undefined control sequence.
\XC@usec@lor ...lashchar color@#1#2\endcsname \@@ 
                                                  \fi \space 
l.17 \pspolygon
               (-0.354,0.687)(-0.326,0.923)(-0.450,0.865)
The control sequence at the end of the top line
of your error message was never \def'ed. If you have
misspelled it (e.g., `\hobx'), type `I' and the correct
spelling (e.g., `I\hbox'). Otherwise just continue,
and I'll forget about whatever was undefined.

! Undefined control sequence.
\c@lor@to@ps ->\PSTricks 
                         _Not_Configured_For_This_Format
l.17 \pspolygon(
                -0.354,0.687)(-0.326,0.923)(-0.450,0.865)
The control sequence at the end of the top line
of your error message was never \def'ed. If you have
misspelled it (e.g., `\hobx'), type `I' and the correct
spelling (e.g., `I\hbox'). Otherwise just continue,
and I'll forget about whatever was undefined.

! Undefined control sequence.
\XC@usec@lor ...lashchar color@#1#2\endcsname \@@ 
                                                  \fi \space 
l.17 \pspolygon(
                -0.354,0.687)(-0.326,0.923)(-0.450,0.865)
The control sequence at the end of the top line
of your error message was never \def'ed. If you have
misspelled it (e.g., `\hobx'), type `I' and the correct
spelling (e.g., `I\hbox'). Otherwise just continue,
and I'll forget about whatever was undefined.

! Undefined control sequence.
\c@lor@to@ps ->\PSTricks 
                         _Not_Configured_For_This_Format
l.18 \pspolygon
               (-0.354,0.687)(-0.588,0.801)(-0.603,0.492)
The control sequence at the end of the top line
of your error message was never \def'ed. If you have
misspelled it (e.g., `\hobx'), type `I' and the correct
spelling (e.g., `I\hbox'). Otherwise just continue,
and I'll forget about whatever was undefined.

! Undefined control sequence.
\XC@usec@lor ...lashchar color@#1#2\endcsname \@@ 
                                                  \fi \space 
l.18 \pspolygon
               (-0.354,0.687)(-0.588,0.801)(-0.603,0.492)
The control sequence at the end of the top line
of your error message was never \def'ed. If you have
misspelled it (e.g., `\hobx'), type `I' and the correct
spelling (e.g., `I\hbox'). Otherwise just continue,
and I'll forget about whatever was undefined.

! Undefined control sequence.
\c@lor@to@ps ->\PSTricks 
                         _Not_Configured_For_This_Format
l.18 \pspolygon(
                -0.354,0.687)(-0.588,0.801)(-0.603,0.492)
The control sequence at the end of the top line
of your error message was never \def'ed. If you have
misspelled it (e.g., `\hobx'), type `I' and the correct
spelling (e.g., `I\hbox'). Otherwise just continue,
and I'll forget about whatever was undefined.

! Undefined control sequence.
\XC@usec@lor ...lashchar color@#1#2\endcsname \@@ 
                                                  \fi \space 
l.18 \pspolygon(
                -0.354,0.687)(-0.588,0.801)(-0.603,0.492)
The control sequence at the end of the top line
of your error message was never \def'ed. If you have
misspelled it (e.g., `\hobx'), type `I' and the correct
spelling (e.g., `I\hbox'). Otherwise just continue,
and I'll forget about whatever was undefined.

! Undefined control sequence.
\c@lor@to@ps ->\PSTricks 
                         _Not_Configured_For_This_Format
l.19 \pspolygon
               (-0.450,0.865)(-0.588,0.801)(-0.354,0.687)
The control sequence at the end of the top line
of your error message was never \def'ed. If you have
misspelled it (e.g., `\hobx'), type `I' and the correct
spelling (e.g., `I\hbox'). Otherwise just continue,
and I'll forget about whatever was undefined.

! Undefined control sequence.
\XC@usec@lor ...lashchar color@#1#2\endcsname \@@ 
                                                  \fi \space 
l.19 \pspolygon
               (-0.450,0.865)(-0.588,0.801)(-0.354,0.687)
The control sequence at the end of the top line
of your error message was never \def'ed. If you have
misspelled it (e.g., `\hobx'), type `I' and the correct
spelling (e.g., `I\hbox'). Otherwise just continue,
and I'll forget about whatever was undefined.

! Undefined control sequence.
\c@lor@to@ps ->\PSTricks 
                         _Not_Configured_For_This_Format
l.19 \pspolygon(
                -0.450,0.865)(-0.588,0.801)(-0.354,0.687)
The control sequence at the end of the top line
of your error message was never \def'ed. If you have
misspelled it (e.g., `\hobx'), type `I' and the correct
spelling (e.g., `I\hbox'). Otherwise just continue,
and I'll forget about whatever was undefined.

! Undefined control sequence.
\XC@usec@lor ...lashchar color@#1#2\endcsname \@@ 
                                                  \fi \space 
l.19 \pspolygon(
                -0.450,0.865)(-0.588,0.801)(-0.354,0.687)
The control sequence at the end of the top line
of your error message was never \def'ed. If you have
misspelled it (e.g., `\hobx'), type `I' and the correct
spelling (e.g., `I\hbox'). Otherwise just continue,
and I'll forget about whatever was undefined.

! Undefined control sequence.
\c@lor@to@ps ->\PSTricks 
                         _Not_Configured_For_This_Format
l.20 \pspolygon
               (0.273,1.735)(0.413,1.719)(0.377,1.836)
The control sequence at the end of the top line
of your error message was never \def'ed. If you have
misspelled it (e.g., `\hobx'), type `I' and the correct
spelling (e.g., `I\hbox'). Otherwise just continue,
and I'll forget about whatever was undefined.

! Undefined control sequence.
\XC@usec@lor ...lashchar color@#1#2\endcsname \@@ 
                                                  \fi \space 
l.20 \pspolygon
               (0.273,1.735)(0.413,1.719)(0.377,1.836)
The control sequence at the end of the top line
of your error message was never \def'ed. If you have
misspelled it (e.g., `\hobx'), type `I' and the correct
spelling (e.g., `I\hbox'). Otherwise just continue,
and I'll forget about whatever was undefined.

! Undefined control sequence.
\c@lor@to@ps ->\PSTricks 
                         _Not_Configured_For_This_Format
l.20 \pspolygon(
                0.273,1.735)(0.413,1.719)(0.377,1.836)
The control sequence at the end of the top line
of your error message was never \def'ed. If you have
misspelled it (e.g., `\hobx'), type `I' and the correct
spelling (e.g., `I\hbox'). Otherwise just continue,
and I'll forget about whatever was undefined.

! Undefined control sequence.
\XC@usec@lor ...lashchar color@#1#2\endcsname \@@ 
                                                  \fi \space 
l.20 \pspolygon(
                0.273,1.735)(0.413,1.719)(0.377,1.836)
The control sequence at the end of the top line
of your error message was never \def'ed. If you have
misspelled it (e.g., `\hobx'), type `I' and the correct
spelling (e.g., `I\hbox'). Otherwise just continue,
and I'll forget about whatever was undefined.

! Undefined control sequence.
\c@lor@to@ps ->\PSTricks 
                         _Not_Configured_For_This_Format
l.21 \pspolygon
               (0.377,1.836)(0.413,1.719)(0.476,1.801)
The control sequence at the end of the top line
of your error message was never \def'ed. If you have
misspelled it (e.g., `\hobx'), type `I' and the correct
spelling (e.g., `I\hbox'). Otherwise just continue,
and I'll forget about whatever was undefined.

! Undefined control sequence.
\XC@usec@lor ...lashchar color@#1#2\endcsname \@@ 
                                                  \fi \space 
l.21 \pspolygon
               (0.377,1.836)(0.413,1.719)(0.476,1.801)
The control sequence at the end of the top line
of your error message was never \def'ed. If you have
misspelled it (e.g., `\hobx'), type `I' and the correct
spelling (e.g., `I\hbox'). Otherwise just continue,
and I'll forget about whatever was undefined.

! Undefined control sequence.
\c@lor@to@ps ->\PSTricks 
                         _Not_Configured_For_This_Format
l.21 \pspolygon(
                0.377,1.836)(0.413,1.719)(0.476,1.801)
The control sequence at the end of the top line
of your error message was never \def'ed. If you have
misspelled it (e.g., `\hobx'), type `I' and the correct
spelling (e.g., `I\hbox'). Otherwise just continue,
and I'll forget about whatever was undefined.

! Undefined control sequence.
\XC@usec@lor ...lashchar color@#1#2\endcsname \@@ 
                                                  \fi \space 
l.21 \pspolygon(
                0.377,1.836)(0.413,1.719)(0.476,1.801)
The control sequence at the end of the top line
of your error message was never \def'ed. If you have
misspelled it (e.g., `\hobx'), type `I' and the correct
spelling (e.g., `I\hbox'). Otherwise just continue,
and I'll forget about whatever was undefined.

! Undefined control sequence.
\c@lor@to@ps ->\PSTricks 
                         _Not_Configured_For_This_Format
l.22 \pspolygon
               (-2.759,-0.752)(-2.758,-0.714)(-2.798,-0.761)
The control sequence at the end of the top line
of your error message was never \def'ed. If you have
misspelled it (e.g., `\hobx'), type `I' and the correct
spelling (e.g., `I\hbox'). Otherwise just continue,
and I'll forget about whatever was undefined.

! Undefined control sequence.
\XC@usec@lor ...lashchar color@#1#2\endcsname \@@ 
                                                  \fi \space 
l.22 \pspolygon
               (-2.759,-0.752)(-2.758,-0.714)(-2.798,-0.761)
The control sequence at the end of the top line
of your error message was never \def'ed. If you have
misspelled it (e.g., `\hobx'), type `I' and the correct
spelling (e.g., `I\hbox'). Otherwise just continue,
and I'll forget about whatever was undefined.

! Undefined control sequence.
\c@lor@to@ps ->\PSTricks 
                         _Not_Configured_For_This_Format
l.22 \pspolygon(
                -2.759,-0.752)(-2.758,-0.714)(-2.798,-0.761)
The control sequence at the end of the top line
of your error message was never \def'ed. If you have
misspelled it (e.g., `\hobx'), type `I' and the correct
spelling (e.g., `I\hbox'). Otherwise just continue,
and I'll forget about whatever was undefined.

! Undefined control sequence.
\XC@usec@lor ...lashchar color@#1#2\endcsname \@@ 
                                                  \fi \space 
l.22 \pspolygon(
                -2.759,-0.752)(-2.758,-0.714)(-2.798,-0.761)
The control sequence at the end of the top line
of your error message was never \def'ed. If you have
misspelled it (e.g., `\hobx'), type `I' and the correct
spelling (e.g., `I\hbox'). Otherwise just continue,
and I'll forget about whatever was undefined.

! Undefined control sequence.
\c@lor@to@ps ->\PSTricks 
                         _Not_Configured_For_This_Format
l.23 \pspolygon
               (-2.725,-0.739)(-2.758,-0.714)(-2.759,-0.752)
The control sequence at the end of the top line
of your error message was never \def'ed. If you have
misspelled it (e.g., `\hobx'), type `I' and the correct
spelling (e.g., `I\hbox'). Otherwise just continue,
and I'll forget about whatever was undefined.

! Undefined control sequence.
\XC@usec@lor ...lashchar color@#1#2\endcsname \@@ 
                                                  \fi \space 
l.23 \pspolygon
               (-2.725,-0.739)(-2.758,-0.714)(-2.759,-0.752)
The control sequence at the end of the top line
of your error message was never \def'ed. If you have
misspelled it (e.g., `\hobx'), type `I' and the correct
spelling (e.g., `I\hbox'). Otherwise just continue,
and I'll forget about whatever was undefined.

! Undefined control sequence.
\c@lor@to@ps ->\PSTricks 
                         _Not_Configured_For_This_Format
l.23 \pspolygon(
                -2.725,-0.739)(-2.758,-0.714)(-2.759,-0.752)
The control sequence at the end of the top line
of your error message was never \def'ed. If you have
misspelled it (e.g., `\hobx'), type `I' and the correct
spelling (e.g., `I\hbox'). Otherwise just continue,
and I'll forget about whatever was undefined.

! Undefined control sequence.
\XC@usec@lor ...lashchar color@#1#2\endcsname \@@ 
                                                  \fi \space 
l.23 \pspolygon(
                -2.725,-0.739)(-2.758,-0.714)(-2.759,-0.752)
The control sequence at the end of the top line
of your error message was never \def'ed. If you have
misspelled it (e.g., `\hobx'), type `I' and the correct
spelling (e.g., `I\hbox'). Otherwise just continue,
and I'll forget about whatever was undefined.

! Undefined control sequence.
\c@lor@to@ps ->\PSTricks 
                         _Not_Configured_For_This_Format
l.24 \pspolygon
               (2.575,-0.200)(2.441,0.083)(2.339,-0.134)
The control sequence at the end of the top line
of your error message was never \def'ed. If you have
misspelled it (e.g., `\hobx'), type `I' and the correct
spelling (e.g., `I\hbox'). Otherwise just continue,
and I'll forget about whatever was undefined.

! Undefined control sequence.
\XC@usec@lor ...lashchar color@#1#2\endcsname \@@ 
                                                  \fi \space 
l.24 \pspolygon
               (2.575,-0.200)(2.441,0.083)(2.339,-0.134)
The control sequence at the end of the top line
of your error message was never \def'ed. If you have
misspelled it (e.g., `\hobx'), type `I' and the correct
spelling (e.g., `I\hbox'). Otherwise just continue,
and I'll forget about whatever was undefined.

! Undefined control sequence.
\c@lor@to@ps ->\PSTricks 
                         _Not_Configured_For_This_Format
l.24 \pspolygon(
                2.575,-0.200)(2.441,0.083)(2.339,-0.134)
The control sequence at the end of the top line
of your error message was never \def'ed. If you have
misspelled it (e.g., `\hobx'), type `I' and the correct
spelling (e.g., `I\hbox'). Otherwise just continue,
and I'll forget about whatever was undefined.

! Undefined control sequence.
\XC@usec@lor ...lashchar color@#1#2\endcsname \@@ 
                                                  \fi \space 
l.24 \pspolygon(
                2.575,-0.200)(2.441,0.083)(2.339,-0.134)
The control sequence at the end of the top line
of your error message was never \def'ed. If you have
misspelled it (e.g., `\hobx'), type `I' and the correct
spelling (e.g., `I\hbox'). Otherwise just continue,
and I'll forget about whatever was undefined.

! Undefined control sequence.
\c@lor@to@ps ->\PSTricks 
                         _Not_Configured_For_This_Format
l.25 \pspolygon
               (1.554,-0.538)(1.512,-0.624)(1.660,-0.641)
The control sequence at the end of the top line
of your error message was never \def'ed. If you have
misspelled it (e.g., `\hobx'), type `I' and the correct
spelling (e.g., `I\hbox'). Otherwise just continue,
and I'll forget about whatever was undefined.

! Undefined control sequence.
\XC@usec@lor ...lashchar color@#1#2\endcsname \@@ 
                                                  \fi \space 
l.25 \pspolygon
               (1.554,-0.538)(1.512,-0.624)(1.660,-0.641)
The control sequence at the end of the top line
of your error message was never \def'ed. If you have
misspelled it (e.g., `\hobx'), type `I' and the correct
spelling (e.g., `I\hbox'). Otherwise just continue,
and I'll forget about whatever was undefined.

! Undefined control sequence.
\c@lor@to@ps ->\PSTricks 
                         _Not_Configured_For_This_Format
l.25 \pspolygon(
                1.554,-0.538)(1.512,-0.624)(1.660,-0.641)
The control sequence at the end of the top line
of your error message was never \def'ed. If you have
misspelled it (e.g., `\hobx'), type `I' and the correct
spelling (e.g., `I\hbox'). Otherwise just continue,
and I'll forget about whatever was undefined.

! Undefined control sequence.
\XC@usec@lor ...lashchar color@#1#2\endcsname \@@ 
                                                  \fi \space 
l.25 \pspolygon(
                1.554,-0.538)(1.512,-0.624)(1.660,-0.641)
The control sequence at the end of the top line
of your error message was never \def'ed. If you have
misspelled it (e.g., `\hobx'), type `I' and the correct
spelling (e.g., `I\hbox'). Otherwise just continue,
and I'll forget about whatever was undefined.

! Undefined control sequence.
\c@lor@to@ps ->\PSTricks 
                         _Not_Configured_For_This_Format
l.26 \pspolygon
               (4.974,0.052)(5.018,0.092)(4.982,0.108)
The control sequence at the end of the top line
of your error message was never \def'ed. If you have
misspelled it (e.g., `\hobx'), type `I' and the correct
spelling (e.g., `I\hbox'). Otherwise just continue,
and I'll forget about whatever was undefined.

! Undefined control sequence.
\XC@usec@lor ...lashchar color@#1#2\endcsname \@@ 
                                                  \fi \space 
l.26 \pspolygon
               (4.974,0.052)(5.018,0.092)(4.982,0.108)
The control sequence at the end of the top line
of your error message was never \def'ed. If you have
misspelled it (e.g., `\hobx'), type `I' and the correct
spelling (e.g., `I\hbox'). Otherwise just continue,
and I'll forget about whatever was undefined.

! Undefined control sequence.
\c@lor@to@ps ->\PSTricks 
                         _Not_Configured_For_This_Format
l.26 \pspolygon(
                4.974,0.052)(5.018,0.092)(4.982,0.108)
The control sequence at the end of the top line
of your error message was never \def'ed. If you have
misspelled it (e.g., `\hobx'), type `I' and the correct
spelling (e.g., `I\hbox'). Otherwise just continue,
and I'll forget about whatever was undefined.

! Undefined control sequence.
\XC@usec@lor ...lashchar color@#1#2\endcsname \@@ 
                                                  \fi \space 
l.26 \pspolygon(
                4.974,0.052)(5.018,0.092)(4.982,0.108)
The control sequence at the end of the top line
of your error message was never \def'ed. If you have
misspelled it (e.g., `\hobx'), type `I' and the correct
spelling (e.g., `I\hbox'). Otherwise just continue,
and I'll forget about whatever was undefined.

! Undefined control sequence.
\c@lor@to@ps ->\PSTricks 
                         _Not_Configured_For_This_Format
l.27 \pspolygon
               (4.948,-0.930)(4.955,-1.026)(5.009,-0.978)
The control sequence at the end of the top line
of your error message was never \def'ed. If you have
misspelled it (e.g., `\hobx'), type `I' and the correct
spelling (e.g., `I\hbox'). Otherwise just continue,
and I'll forget about whatever was undefined.

! Undefined control sequence.
\XC@usec@lor ...lashchar color@#1#2\endcsname \@@ 
                                                  \fi \space 
l.27 \pspolygon
               (4.948,-0.930)(4.955,-1.026)(5.009,-0.978)
The control sequence at the end of the top line
of your error message was never \def'ed. If you have
misspelled it (e.g., `\hobx'), type `I' and the correct
spelling (e.g., `I\hbox'). Otherwise just continue,
and I'll forget about whatever was undefined.

! Undefined control sequence.
\c@lor@to@ps ->\PSTricks 
                         _Not_Configured_For_This_Format
l.27 \pspolygon(
                4.948,-0.930)(4.955,-1.026)(5.009,-0.978)
The control sequence at the end of the top line
of your error message was never \def'ed. If you have
misspelled it (e.g., `\hobx'), type `I' and the correct
spelling (e.g., `I\hbox'). Otherwise just continue,
and I'll forget about whatever was undefined.

! Undefined control sequence.
\XC@usec@lor ...lashchar color@#1#2\endcsname \@@ 
                                                  \fi \space 
l.27 \pspolygon(
                4.948,-0.930)(4.955,-1.026)(5.009,-0.978)
The control sequence at the end of the top line
of your error message was never \def'ed. If you have
misspelled it (e.g., `\hobx'), type `I' and the correct
spelling (e.g., `I\hbox'). Otherwise just continue,
and I'll forget about whatever was undefined.

! Undefined control sequence.
\c@lor@to@ps ->\PSTricks 
                         _Not_Configured_For_This_Format
l.28 \pspolygon
               (3.201,0.892)(2.974,1.043)(2.980,0.825)
The control sequence at the end of the top line
of your error message was never \def'ed. If you have
misspelled it (e.g., `\hobx'), type `I' and the correct
spelling (e.g., `I\hbox'). Otherwise just continue,
and I'll forget about whatever was undefined.

! Undefined control sequence.
\XC@usec@lor ...lashchar color@#1#2\endcsname \@@ 
                                                  \fi \space 
l.28 \pspolygon
               (3.201,0.892)(2.974,1.043)(2.980,0.825)
The control sequence at the end of the top line
of your error message was never \def'ed. If you have
misspelled it (e.g., `\hobx'), type `I' and the correct
spelling (e.g., `I\hbox'). Otherwise just continue,
and I'll forget about whatever was undefined.

! Undefined control sequence.
\c@lor@to@ps ->\PSTricks 
                         _Not_Configured_For_This_Format
l.28 \pspolygon(
                3.201,0.892)(2.974,1.043)(2.980,0.825)
The control sequence at the end of the top line
of your error message was never \def'ed. If you have
misspelled it (e.g., `\hobx'), type `I' and the correct
spelling (e.g., `I\hbox'). Otherwise just continue,
and I'll forget about whatever was undefined.

! Undefined control sequence.
\XC@usec@lor ...lashchar color@#1#2\endcsname \@@ 
                                                  \fi \space 
l.28 \pspolygon(
                3.201,0.892)(2.974,1.043)(2.980,0.825)
The control sequence at the end of the top line
of your error message was never \def'ed. If you have
misspelled it (e.g., `\hobx'), type `I' and the correct
spelling (e.g., `I\hbox'). Otherwise just continue,
and I'll forget about whatever was undefined.

! Undefined control sequence.
\c@lor@to@ps ->\PSTricks 
                         _Not_Configured_For_This_Format
l.29 \pspolygon
               (2.980,0.825)(3.148,0.659)(3.201,0.892)
The control sequence at the end of the top line
of your error message was never \def'ed. If you have
misspelled it (e.g., `\hobx'), type `I' and the correct
spelling (e.g., `I\hbox'). Otherwise just continue,
and I'll forget about whatever was undefined.

! Undefined control sequence.
\XC@usec@lor ...lashchar color@#1#2\endcsname \@@ 
                                                  \fi \space 
l.29 \pspolygon
               (2.980,0.825)(3.148,0.659)(3.201,0.892)
The control sequence at the end of the top line
of your error message was never \def'ed. If you have
misspelled it (e.g., `\hobx'), type `I' and the correct
spelling (e.g., `I\hbox'). Otherwise just continue,
and I'll forget about whatever was undefined.

! Undefined control sequence.
\c@lor@to@ps ->\PSTricks 
                         _Not_Configured_For_This_Format
l.29 \pspolygon(
                2.980,0.825)(3.148,0.659)(3.201,0.892)
The control sequence at the end of the top line
of your error message was never \def'ed. If you have
misspelled it (e.g., `\hobx'), type `I' and the correct
spelling (e.g., `I\hbox'). Otherwise just continue,
and I'll forget about whatever was undefined.

! Undefined control sequence.
\XC@usec@lor ...lashchar color@#1#2\endcsname \@@ 
                                                  \fi \space 
l.29 \pspolygon(
                2.980,0.825)(3.148,0.659)(3.201,0.892)
The control sequence at the end of the top line
of your error message was never \def'ed. If you have
misspelled it (e.g., `\hobx'), type `I' and the correct
spelling (e.g., `I\hbox'). Otherwise just continue,
and I'll forget about whatever was undefined.

! Undefined control sequence.
\c@lor@to@ps ->\PSTricks 
                         _Not_Configured_For_This_Format
l.30 \pspolygon
               (2.980,0.825)(2.974,1.043)(2.698,0.899)
The control sequence at the end of the top line
of your error message was never \def'ed. If you have
misspelled it (e.g., `\hobx'), type `I' and the correct
spelling (e.g., `I\hbox'). Otherwise just continue,
and I'll forget about whatever was undefined.

! Undefined control sequence.
\XC@usec@lor ...lashchar color@#1#2\endcsname \@@ 
                                                  \fi \space 
l.30 \pspolygon
               (2.980,0.825)(2.974,1.043)(2.698,0.899)
The control sequence at the end of the top line
of your error message was never \def'ed. If you have
misspelled it (e.g., `\hobx'), type `I' and the correct
spelling (e.g., `I\hbox'). Otherwise just continue,
and I'll forget about whatever was undefined.

! Undefined control sequence.
\c@lor@to@ps ->\PSTricks 
                         _Not_Configured_For_This_Format
l.30 \pspolygon(
                2.980,0.825)(2.974,1.043)(2.698,0.899)
The control sequence at the end of the top line
of your error message was never \def'ed. If you have
misspelled it (e.g., `\hobx'), type `I' and the correct
spelling (e.g., `I\hbox'). Otherwise just continue,
and I'll forget about whatever was undefined.

! Undefined control sequence.
\XC@usec@lor ...lashchar color@#1#2\endcsname \@@ 
                                                  \fi \space 
l.30 \pspolygon(
                2.980,0.825)(2.974,1.043)(2.698,0.899)
The control sequence at the end of the top line
of your error message was never \def'ed. If you have
misspelled it (e.g., `\hobx'), type `I' and the correct
spelling (e.g., `I\hbox'). Otherwise just continue,
and I'll forget about whatever was undefined.

! Undefined control sequence.
\c@lor@to@ps ->\PSTricks 
                         _Not_Configured_For_This_Format
l.31 \pspolygon
               (4.703,0.709)(4.607,0.731)(4.664,0.623)
The control sequence at the end of the top line
of your error message was never \def'ed. If you have
misspelled it (e.g., `\hobx'), type `I' and the correct
spelling (e.g., `I\hbox'). Otherwise just continue,
and I'll forget about whatever was undefined.

! Undefined control sequence.
\XC@usec@lor ...lashchar color@#1#2\endcsname \@@ 
                                                  \fi \space 
l.31 \pspolygon
               (4.703,0.709)(4.607,0.731)(4.664,0.623)
The control sequence at the end of the top line
of your error message was never \def'ed. If you have
misspelled it (e.g., `\hobx'), type `I' and the correct
spelling (e.g., `I\hbox'). Otherwise just continue,
and I'll forget about whatever was undefined.

! Undefined control sequence.
\c@lor@to@ps ->\PSTricks 
                         _Not_Configured_For_This_Format
l.31 \pspolygon(
                4.703,0.709)(4.607,0.731)(4.664,0.623)
The control sequence at the end of the top line
of your error message was never \def'ed. If you have
misspelled it (e.g., `\hobx'), type `I' and the correct
spelling (e.g., `I\hbox'). Otherwise just continue,
and I'll forget about whatever was undefined.

! Undefined control sequence.
\XC@usec@lor ...lashchar color@#1#2\endcsname \@@ 
                                                  \fi \space 
l.31 \pspolygon(
                4.703,0.709)(4.607,0.731)(4.664,0.623)
The control sequence at the end of the top line
of your error message was never \def'ed. If you have
misspelled it (e.g., `\hobx'), type `I' and the correct
spelling (e.g., `I\hbox'). Otherwise just continue,
and I'll forget about whatever was undefined.

! Undefined control sequence.
\c@lor@to@ps ->\PSTricks 
                         _Not_Configured_For_This_Format
l.32 \pspolygon
               (4.664,0.623)(4.607,0.731)(4.564,0.628)
The control sequence at the end of the top line
of your error message was never \def'ed. If you have
misspelled it (e.g., `\hobx'), type `I' and the correct
spelling (e.g., `I\hbox'). Otherwise just continue,
and I'll forget about whatever was undefined.

! Undefined control sequence.
\XC@usec@lor ...lashchar color@#1#2\endcsname \@@ 
                                                  \fi \space 
l.32 \pspolygon
               (4.664,0.623)(4.607,0.731)(4.564,0.628)
The control sequence at the end of the top line
of your error message was never \def'ed. If you have
misspelled it (e.g., `\hobx'), type `I' and the correct
spelling (e.g., `I\hbox'). Otherwise just continue,
and I'll forget about whatever was undefined.

! Undefined control sequence.
\c@lor@to@ps ->\PSTricks 
                         _Not_Configured_For_This_Format
l.32 \pspolygon(
                4.664,0.623)(4.607,0.731)(4.564,0.628)
The control sequence at the end of the top line
of your error message was never \def'ed. If you have
misspelled it (e.g., `\hobx'), type `I' and the correct
spelling (e.g., `I\hbox'). Otherwise just continue,
and I'll forget about whatever was undefined.

! Undefined control sequence.
\XC@usec@lor ...lashchar color@#1#2\endcsname \@@ 
                                                  \fi \space 
l.32 \pspolygon(
                4.664,0.623)(4.607,0.731)(4.564,0.628)
The control sequence at the end of the top line
of your error message was never \def'ed. If you have
misspelled it (e.g., `\hobx'), type `I' and the correct
spelling (e.g., `I\hbox'). Otherwise just continue,
and I'll forget about whatever was undefined.

! Undefined control sequence.
\c@lor@to@ps ->\PSTricks 
                         _Not_Configured_For_This_Format
l.33 \pspolygon
               (4.969,0.152)(4.982,0.108)(5.022,0.141)
The control sequence at the end of the top line
of your error message was never \def'ed. If you have
misspelled it (e.g., `\hobx'), type `I' and the correct
spelling (e.g., `I\hbox'). Otherwise just continue,
and I'll forget about whatever was undefined.

! Undefined control sequence.
\XC@usec@lor ...lashchar color@#1#2\endcsname \@@ 
                                                  \fi \space 
l.33 \pspolygon
               (4.969,0.152)(4.982,0.108)(5.022,0.141)
The control sequence at the end of the top line
of your error message was never \def'ed. If you have
misspelled it (e.g., `\hobx'), type `I' and the correct
spelling (e.g., `I\hbox'). Otherwise just continue,
and I'll forget about whatever was undefined.

! Undefined control sequence.
\c@lor@to@ps ->\PSTricks 
                         _Not_Configured_For_This_Format
l.33 \pspolygon(
                4.969,0.152)(4.982,0.108)(5.022,0.141)
The control sequence at the end of the top line
of your error message was never \def'ed. If you have
misspelled it (e.g., `\hobx'), type `I' and the correct
spelling (e.g., `I\hbox'). Otherwise just continue,
and I'll forget about whatever was undefined.

! Undefined control sequence.
\XC@usec@lor ...lashchar color@#1#2\endcsname \@@ 
                                                  \fi \space 
l.33 \pspolygon(
                4.969,0.152)(4.982,0.108)(5.022,0.141)
The control sequence at the end of the top line
of your error message was never \def'ed. If you have
misspelled it (e.g., `\hobx'), type `I' and the correct
spelling (e.g., `I\hbox'). Otherwise just continue,
and I'll forget about whatever was undefined.

! Undefined control sequence.
\c@lor@to@ps ->\PSTricks 
                         _Not_Configured_For_This_Format
l.34 \pspolygon
               (4.373,-0.720)(4.293,-0.602)(4.289,-0.697)
The control sequence at the end of the top line
of your error message was never \def'ed. If you have
misspelled it (e.g., `\hobx'), type `I' and the correct
spelling (e.g., `I\hbox'). Otherwise just continue,
and I'll forget about whatever was undefined.

! Undefined control sequence.
\XC@usec@lor ...lashchar color@#1#2\endcsname \@@ 
                                                  \fi \space 
l.34 \pspolygon
               (4.373,-0.720)(4.293,-0.602)(4.289,-0.697)
The control sequence at the end of the top line
of your error message was never \def'ed. If you have
misspelled it (e.g., `\hobx'), type `I' and the correct
spelling (e.g., `I\hbox'). Otherwise just continue,
and I'll forget about whatever was undefined.

! Undefined control sequence.
\c@lor@to@ps ->\PSTricks 
                         _Not_Configured_For_This_Format
l.34 \pspolygon(
                4.373,-0.720)(4.293,-0.602)(4.289,-0.697)
The control sequence at the end of the top line
of your error message was never \def'ed. If you have
misspelled it (e.g., `\hobx'), type `I' and the correct
spelling (e.g., `I\hbox'). Otherwise just continue,
and I'll forget about whatever was undefined.

! Undefined control sequence.
\XC@usec@lor ...lashchar color@#1#2\endcsname \@@ 
                                                  \fi \space 
l.34 \pspolygon(
                4.373,-0.720)(4.293,-0.602)(4.289,-0.697)
The control sequence at the end of the top line
of your error message was never \def'ed. If you have
misspelled it (e.g., `\hobx'), type `I' and the correct
spelling (e.g., `I\hbox'). Otherwise just continue,
and I'll forget about whatever was undefined.

! Undefined control sequence.
\c@lor@to@ps ->\PSTricks 
                         _Not_Configured_For_This_Format
l.35 \pspolygon
               (4.196,-0.701)(4.293,-0.602)(4.041,-0.560)
The control sequence at the end of the top line
of your error message was never \def'ed. If you have
misspelled it (e.g., `\hobx'), type `I' and the correct
spelling (e.g., `I\hbox'). Otherwise just continue,
and I'll forget about whatever was undefined.

! Undefined control sequence.
\XC@usec@lor ...lashchar color@#1#2\endcsname \@@ 
                                                  \fi \space 
l.35 \pspolygon
               (4.196,-0.701)(4.293,-0.602)(4.041,-0.560)
(That makes 100 errors; please try again.) 
Here is how much of TeX's memory you used:
 10210 strings out of 473190
 182337 string characters out of 5715800
 566411 words of memory out of 5000000
 33350 multiletter control sequences out of 15000+600000
 559344 words of font info for 37 fonts, out of 8000000 for 9000
 1141 hyphenation exceptions out of 8191
 75i,3n,72p,409b,331s stack positions out of 10000i,1000n,20000p,200000b,200000s

!  ==> Fatal error occurred, no output PDF file produced!
